0 info it worked if it ends with ok
1 verbose cli [ 'C:\\Program Files (x86)\\nodejs\\\\node.exe',
1 verbose cli   'C:\\Program Files (x86)\\nodejs\\node_modules\\npm\\bin\\npm-cli.js',
1 verbose cli   'publish' ]
2 info using npm@1.3.8
3 info using node@v0.10.16
4 verbose node symlink C:\Program Files (x86)\nodejs\\node.exe
5 verbose publish [ '.' ]
6 verbose cache add [ '.', null ]
7 verbose cache add name=undefined spec="." args=[".",null]
8 verbose parsed url { protocol: null,
8 verbose parsed url   slashes: null,
8 verbose parsed url   auth: null,
8 verbose parsed url   host: null,
8 verbose parsed url   port: null,
8 verbose parsed url   hostname: null,
8 verbose parsed url   hash: null,
8 verbose parsed url   search: null,
8 verbose parsed url   query: null,
8 verbose parsed url   pathname: '.',
8 verbose parsed url   path: '.',
8 verbose parsed url   href: '.' }
9 silly lockFile 3a52ce78- .
10 verbose lock . C:\Users\krasimir\AppData\Roaming\npm-cache\3a52ce78-.lock
11 verbose tar pack [ 'C:\\Users\\krasimir\\AppData\\Local\\Temp\\npm-3068-TX9MSbRT\\1381175730404-0.9540456256363541\\tmp.tgz',
11 verbose tar pack   '.' ]
12 verbose tarball C:\Users\krasimir\AppData\Local\Temp\npm-3068-TX9MSbRT\1381175730404-0.9540456256363541\tmp.tgz
13 verbose folder .
14 silly lockFile 1f1177db-tar tar://.
15 verbose lock tar://. C:\Users\krasimir\AppData\Roaming\npm-cache\1f1177db-tar.lock
16 silly lockFile f1fec49b-30404-0-9540456256363541-tmp-tgz tar://C:\Users\krasimir\AppData\Local\Temp\npm-3068-TX9MSbRT\1381175730404-0.9540456256363541\tmp.tgz
17 verbose lock tar://C:\Users\krasimir\AppData\Local\Temp\npm-3068-TX9MSbRT\1381175730404-0.9540456256363541\tmp.tgz C:\Users\krasimir\AppData\Roaming\npm-cache\f1fec49b-30404-0-9540456256363541-tmp-tgz.lock
18 silly lockFile 1f1177db-tar tar://.
19 silly lockFile 1f1177db-tar tar://.
20 silly lockFile f1fec49b-30404-0-9540456256363541-tmp-tgz tar://C:\Users\krasimir\AppData\Local\Temp\npm-3068-TX9MSbRT\1381175730404-0.9540456256363541\tmp.tgz
21 silly lockFile f1fec49b-30404-0-9540456256363541-tmp-tgz tar://C:\Users\krasimir\AppData\Local\Temp\npm-3068-TX9MSbRT\1381175730404-0.9540456256363541\tmp.tgz
22 verbose tar unpack C:\Users\krasimir\AppData\Local\Temp\npm-3068-TX9MSbRT\1381175730404-0.9540456256363541\tmp.tgz
23 silly lockFile 9c825298-30404-0-9540456256363541-package tar://C:\Users\krasimir\AppData\Local\Temp\npm-3068-TX9MSbRT\1381175730404-0.9540456256363541\package
24 verbose lock tar://C:\Users\krasimir\AppData\Local\Temp\npm-3068-TX9MSbRT\1381175730404-0.9540456256363541\package C:\Users\krasimir\AppData\Roaming\npm-cache\9c825298-30404-0-9540456256363541-package.lock
25 silly lockFile f1fec49b-30404-0-9540456256363541-tmp-tgz tar://C:\Users\krasimir\AppData\Local\Temp\npm-3068-TX9MSbRT\1381175730404-0.9540456256363541\tmp.tgz
26 verbose lock tar://C:\Users\krasimir\AppData\Local\Temp\npm-3068-TX9MSbRT\1381175730404-0.9540456256363541\tmp.tgz C:\Users\krasimir\AppData\Roaming\npm-cache\f1fec49b-30404-0-9540456256363541-tmp-tgz.lock
27 silly gunzTarPerm modes [ '755', '644' ]
28 silly gunzTarPerm extractEntry package.json
29 silly gunzTarPerm modified mode [ 'package.json', 438, 420 ]
30 silly gunzTarPerm extractEntry .npmignore
31 silly gunzTarPerm modified mode [ '.npmignore', 438, 420 ]
32 silly gunzTarPerm extractEntry README.md
33 silly gunzTarPerm modified mode [ 'README.md', 438, 420 ]
34 silly gunzTarPerm extractEntry LICENSE
35 silly gunzTarPerm modified mode [ 'LICENSE', 438, 420 ]
36 silly gunzTarPerm extractEntry index.js
37 silly gunzTarPerm modified mode [ 'index.js', 438, 420 ]
38 silly gunzTarPerm extractEntry lib/API.js
39 silly gunzTarPerm modified mode [ 'lib/API.js', 438, 420 ]
40 silly gunzTarPerm extractEntry lib/CLI.js
41 silly gunzTarPerm modified mode [ 'lib/CLI.js', 438, 420 ]
42 silly gunzTarPerm extractEntry lib/Processor.js
43 silly gunzTarPerm modified mode [ 'lib/Processor.js', 438, 420 ]
44 silly gunzTarPerm extractEntry lib/api/add.js
45 silly gunzTarPerm modified mode [ 'lib/api/add.js', 438, 420 ]
46 silly gunzTarPerm extractEntry lib/api/colors.js
47 silly gunzTarPerm modified mode [ 'lib/api/colors.js', 438, 420 ]
48 silly gunzTarPerm extractEntry lib/api/handlecss.js
49 silly gunzTarPerm modified mode [ 'lib/api/handlecss.js', 438, 420 ]
50 silly gunzTarPerm extractEntry lib/api/handlecssimport.js
51 silly gunzTarPerm modified mode [ 'lib/api/handlecssimport.js', 438, 420 ]
52 silly gunzTarPerm extractEntry lib/api/handlecssrule.js
53 silly gunzTarPerm modified mode [ 'lib/api/handlecssrule.js', 438, 420 ]
54 silly gunzTarPerm extractEntry lib/api/import.js
55 silly gunzTarPerm modified mode [ 'lib/api/import.js', 438, 420 ]
56 silly gunzTarPerm extractEntry lib/api/plugin.js
57 silly gunzTarPerm modified mode [ 'lib/api/plugin.js', 438, 420 ]
58 silly gunzTarPerm extractEntry lib/api/raw.js
59 silly gunzTarPerm modified mode [ 'lib/api/raw.js', 438, 420 ]
60 silly gunzTarPerm extractEntry lib/api/storage.js
61 silly gunzTarPerm modified mode [ 'lib/api/storage.js', 438, 420 ]
62 silly gunzTarPerm extractEntry lib/helpers/PathFormatter.js
63 silly gunzTarPerm modified mode [ 'lib/helpers/PathFormatter.js', 438, 420 ]
64 silly gunzTarPerm extractEntry lib/helpers/RequireUncached.js
65 silly gunzTarPerm modified mode [ 'lib/helpers/RequireUncached.js', 438, 420 ]
66 silly gunzTarPerm extractEntry lib/plugins/charset.js
67 silly gunzTarPerm modified mode [ 'lib/plugins/charset.js', 438, 420 ]
68 silly gunzTarPerm extractEntry lib/plugins/document.js
69 silly gunzTarPerm modified mode [ 'lib/plugins/document.js', 438, 420 ]
70 silly gunzTarPerm extractEntry tests/adding-raw-data.spec.js
71 silly gunzTarPerm modified mode [ 'tests/adding-raw-data.spec.js', 438, 420 ]
72 silly gunzTarPerm extractEntry tests/variables-and-functions.spec.js
73 silly gunzTarPerm modified mode [ 'tests/variables-and-functions.spec.js', 438, 420 ]
74 silly gunzTarPerm extractEntry tests/colors.spec.js
75 silly gunzTarPerm modified mode [ 'tests/colors.spec.js', 438, 420 ]
76 silly gunzTarPerm extractEntry tests/compile-and-save.spec.js
77 silly gunzTarPerm modified mode [ 'tests/compile-and-save.spec.js', 438, 420 ]
78 silly gunzTarPerm extractEntry tests/using-json.spec.js
79 silly gunzTarPerm modified mode [ 'tests/using-json.spec.js', 438, 420 ]
80 silly gunzTarPerm extractEntry tests/basics-and-compilation.spec.js
81 silly gunzTarPerm modified mode [ 'tests/basics-and-compilation.spec.js', 438, 420 ]
82 silly gunzTarPerm extractEntry tests/api.add.spec.js
83 silly gunzTarPerm modified mode [ 'tests/api.add.spec.js', 438, 420 ]
84 silly gunzTarPerm extractEntry tests/minify.spec.js
85 silly gunzTarPerm modified mode [ 'tests/minify.spec.js', 438, 420 ]
86 silly gunzTarPerm extractEntry tests/mixins.spec.js
87 silly gunzTarPerm modified mode [ 'tests/mixins.spec.js', 438, 420 ]
88 silly gunzTarPerm extractEntry tests/nesting.spec.js
89 silly gunzTarPerm modified mode [ 'tests/nesting.spec.js', 438, 420 ]
90 silly gunzTarPerm extractEntry tests/optimize..spec.js
91 silly gunzTarPerm modified mode [ 'tests/optimize..spec.js', 438, 420 ]
92 silly gunzTarPerm extractEntry tests/avoid.quoting.spec.js
93 silly gunzTarPerm modified mode [ 'tests/avoid.quoting.spec.js', 438, 420 ]
94 silly gunzTarPerm extractEntry tests/pseudo-classes.spec.js
95 silly gunzTarPerm modified mode [ 'tests/pseudo-classes.spec.js', 438, 420 ]
96 silly gunzTarPerm extractEntry tests/api.import.spec.js
97 silly gunzTarPerm modified mode [ 'tests/api.import.spec.js', 438, 420 ]
98 silly gunzTarPerm extractEntry tests/using-css.spec.js
99 silly gunzTarPerm modified mode [ 'tests/using-css.spec.js', 438, 420 ]
100 silly gunzTarPerm extractEntry tests/extending.spec.js
101 silly gunzTarPerm modified mode [ 'tests/extending.spec.js', 438, 420 ]
102 silly gunzTarPerm extractEntry tests/mediaqueries.spec.js
103 silly gunzTarPerm modified mode [ 'tests/mediaqueries.spec.js', 438, 420 ]
104 silly gunzTarPerm extractEntry tests/data/css/combining.js
105 silly gunzTarPerm modified mode [ 'tests/data/css/combining.js', 438, 420 ]
106 silly gunzTarPerm extractEntry tests/data/css/header.js
107 silly gunzTarPerm modified mode [ 'tests/data/css/header.js', 438, 420 ]
108 silly gunzTarPerm extractEntry tests/data/css/index.js
109 silly gunzTarPerm modified mode [ 'tests/data/css/index.js', 438, 420 ]
110 silly gunzTarPerm extractEntry tests/data/css/nested.js
111 silly gunzTarPerm modified mode [ 'tests/data/css/nested.js', 438, 420 ]
112 silly gunzTarPerm extractEntry tests/data/css/storage.js
113 silly gunzTarPerm modified mode [ 'tests/data/css/storage.js', 438, 420 ]
114 silly gunzTarPerm extractEntry tests/data/css/config/colors.js
115 silly gunzTarPerm modified mode [ 'tests/data/css/config/colors.js', 438, 420 ]
116 silly gunzTarPerm extractEntry tests/data/css/config/sizes.js
117 silly gunzTarPerm modified mode [ 'tests/data/css/config/sizes.js', 438, 420 ]
118 silly gunzTarPerm extractEntry tests/data/css/utils/main.js
119 silly gunzTarPerm modified mode [ 'tests/data/css/utils/main.js', 438, 420 ]
120 silly gunzTarPerm extractEntry tests/data/main.css
121 silly gunzTarPerm modified mode [ 'tests/data/main.css', 438, 420 ]
122 silly gunzTarPerm extractEntry tests/data/result/res.css
123 silly gunzTarPerm modified mode [ 'tests/data/result/res.css', 438, 420 ]
124 silly gunzTarPerm extractEntry tests/data/result/styles.css
125 silly gunzTarPerm modified mode [ 'tests/data/result/styles.css', 438, 420 ]
126 silly gunzTarPerm extractEntry tests/data/styles.css
127 silly gunzTarPerm modified mode [ 'tests/data/styles.css', 438, 420 ]
128 silly gunzTarPerm extractEntry tests/data/styles.json
129 silly gunzTarPerm modified mode [ 'tests/data/styles.json', 438, 420 ]
130 silly gunzTarPerm extractEntry tests/data/styles.plugin.css
131 silly gunzTarPerm modified mode [ 'tests/data/styles.plugin.css', 438, 420 ]
132 silly gunzTarPerm extractEntry tests/cases/charset/code.js
133 silly gunzTarPerm modified mode [ 'tests/cases/charset/code.js', 438, 420 ]
134 silly gunzTarPerm extractEntry tests/cases/charset/test.spec.js
135 silly gunzTarPerm modified mode [ 'tests/cases/charset/test.spec.js', 438, 420 ]
136 silly gunzTarPerm extractEntry tests/cases/charset/code.css
137 silly gunzTarPerm modified mode [ 'tests/cases/charset/code.css', 438, 420 ]
138 silly gunzTarPerm extractEntry tests/cases/charset/code.json
139 silly gunzTarPerm modified mode [ 'tests/cases/charset/code.json', 438, 420 ]
140 silly gunzTarPerm extractEntry tests/cases/colon-space/test.spec.js
141 silly gunzTarPerm modified mode [ 'tests/cases/colon-space/test.spec.js', 438, 420 ]
142 silly gunzTarPerm extractEntry tests/cases/colon-space/code.css
143 silly gunzTarPerm modified mode [ 'tests/cases/colon-space/code.css', 438, 420 ]
144 silly gunzTarPerm extractEntry tests/cases/comments/test.spec.js
145 silly gunzTarPerm modified mode [ 'tests/cases/comments/test.spec.js', 438, 420 ]
146 silly gunzTarPerm extractEntry tests/cases/comments/code.css
147 silly gunzTarPerm modified mode [ 'tests/cases/comments/code.css', 438, 420 ]
148 silly gunzTarPerm extractEntry tests/cases/document/test.spec.js
149 silly gunzTarPerm modified mode [ 'tests/cases/document/test.spec.js', 438, 420 ]
150 silly gunzTarPerm extractEntry tests/cases/document/code.css
151 silly gunzTarPerm modified mode [ 'tests/cases/document/code.css', 438, 420 ]
152 silly gunzTarPerm extractEntry tests/watching
153 silly gunzTarPerm modified mode [ 'tests/watching', 438, 420 ]
154 silly lockFile 9c825298-30404-0-9540456256363541-package tar://C:\Users\krasimir\AppData\Local\Temp\npm-3068-TX9MSbRT\1381175730404-0.9540456256363541\package
155 silly lockFile 9c825298-30404-0-9540456256363541-package tar://C:\Users\krasimir\AppData\Local\Temp\npm-3068-TX9MSbRT\1381175730404-0.9540456256363541\package
156 silly lockFile f1fec49b-30404-0-9540456256363541-tmp-tgz tar://C:\Users\krasimir\AppData\Local\Temp\npm-3068-TX9MSbRT\1381175730404-0.9540456256363541\tmp.tgz
157 silly lockFile f1fec49b-30404-0-9540456256363541-tmp-tgz tar://C:\Users\krasimir\AppData\Local\Temp\npm-3068-TX9MSbRT\1381175730404-0.9540456256363541\tmp.tgz
158 verbose tar pack [ 'C:\\Users\\krasimir\\AppData\\Roaming\\npm-cache\\absurd\\0.0.27\\package.tgz',
158 verbose tar pack   'C:\\Users\\krasimir\\AppData\\Local\\Temp\\npm-3068-TX9MSbRT\\1381175730404-0.9540456256363541\\package' ]
159 verbose tarball C:\Users\krasimir\AppData\Roaming\npm-cache\absurd\0.0.27\package.tgz
160 verbose folder C:\Users\krasimir\AppData\Local\Temp\npm-3068-TX9MSbRT\1381175730404-0.9540456256363541\package
161 silly lockFile 9c825298-30404-0-9540456256363541-package tar://C:\Users\krasimir\AppData\Local\Temp\npm-3068-TX9MSbRT\1381175730404-0.9540456256363541\package
162 verbose lock tar://C:\Users\krasimir\AppData\Local\Temp\npm-3068-TX9MSbRT\1381175730404-0.9540456256363541\package C:\Users\krasimir\AppData\Roaming\npm-cache\9c825298-30404-0-9540456256363541-package.lock
163 silly lockFile 0fd5f151--cache-absurd-0-0-27-package-tgz tar://C:\Users\krasimir\AppData\Roaming\npm-cache\absurd\0.0.27\package.tgz
164 verbose lock tar://C:\Users\krasimir\AppData\Roaming\npm-cache\absurd\0.0.27\package.tgz C:\Users\krasimir\AppData\Roaming\npm-cache\0fd5f151--cache-absurd-0-0-27-package-tgz.lock
165 silly lockFile 9c825298-30404-0-9540456256363541-package tar://C:\Users\krasimir\AppData\Local\Temp\npm-3068-TX9MSbRT\1381175730404-0.9540456256363541\package
166 silly lockFile 9c825298-30404-0-9540456256363541-package tar://C:\Users\krasimir\AppData\Local\Temp\npm-3068-TX9MSbRT\1381175730404-0.9540456256363541\package
167 silly lockFile 0fd5f151--cache-absurd-0-0-27-package-tgz tar://C:\Users\krasimir\AppData\Roaming\npm-cache\absurd\0.0.27\package.tgz
168 silly lockFile 0fd5f151--cache-absurd-0-0-27-package-tgz tar://C:\Users\krasimir\AppData\Roaming\npm-cache\absurd\0.0.27\package.tgz
169 silly lockFile 22122a35--npm-cache-absurd-0-0-27-package C:\Users\krasimir\AppData\Roaming\npm-cache\absurd\0.0.27\package
170 verbose lock C:\Users\krasimir\AppData\Roaming\npm-cache\absurd\0.0.27\package C:\Users\krasimir\AppData\Roaming\npm-cache\22122a35--npm-cache-absurd-0-0-27-package.lock
171 silly lockFile 22122a35--npm-cache-absurd-0-0-27-package C:\Users\krasimir\AppData\Roaming\npm-cache\absurd\0.0.27\package
172 silly lockFile 22122a35--npm-cache-absurd-0-0-27-package C:\Users\krasimir\AppData\Roaming\npm-cache\absurd\0.0.27\package
173 verbose tar unpack C:\Users\krasimir\AppData\Roaming\npm-cache\absurd\0.0.27\package.tgz
174 silly lockFile ef57516b--npm-cache-absurd-0-0-27-package tar://C:\Users\krasimir\AppData\Roaming\npm-cache\absurd\0.0.27\package
175 verbose lock tar://C:\Users\krasimir\AppData\Roaming\npm-cache\absurd\0.0.27\package C:\Users\krasimir\AppData\Roaming\npm-cache\ef57516b--npm-cache-absurd-0-0-27-package.lock
176 silly lockFile 0fd5f151--cache-absurd-0-0-27-package-tgz tar://C:\Users\krasimir\AppData\Roaming\npm-cache\absurd\0.0.27\package.tgz
177 verbose lock tar://C:\Users\krasimir\AppData\Roaming\npm-cache\absurd\0.0.27\package.tgz C:\Users\krasimir\AppData\Roaming\npm-cache\0fd5f151--cache-absurd-0-0-27-package-tgz.lock
178 silly gunzTarPerm modes [ '755', '644' ]
179 silly gunzTarPerm extractEntry package.json
180 silly gunzTarPerm modified mode [ 'package.json', 438, 420 ]
181 silly gunzTarPerm extractEntry .npmignore
182 silly gunzTarPerm modified mode [ '.npmignore', 438, 420 ]
183 silly gunzTarPerm extractEntry README.md
184 silly gunzTarPerm modified mode [ 'README.md', 438, 420 ]
185 silly gunzTarPerm extractEntry LICENSE
186 silly gunzTarPerm modified mode [ 'LICENSE', 438, 420 ]
187 silly gunzTarPerm extractEntry index.js
188 silly gunzTarPerm modified mode [ 'index.js', 438, 420 ]
189 silly gunzTarPerm extractEntry lib/API.js
190 silly gunzTarPerm modified mode [ 'lib/API.js', 438, 420 ]
191 silly gunzTarPerm extractEntry lib/CLI.js
192 silly gunzTarPerm modified mode [ 'lib/CLI.js', 438, 420 ]
193 silly gunzTarPerm extractEntry lib/Processor.js
194 silly gunzTarPerm modified mode [ 'lib/Processor.js', 438, 420 ]
195 silly gunzTarPerm extractEntry lib/api/add.js
196 silly gunzTarPerm modified mode [ 'lib/api/add.js', 438, 420 ]
197 silly gunzTarPerm extractEntry lib/api/colors.js
198 silly gunzTarPerm modified mode [ 'lib/api/colors.js', 438, 420 ]
199 silly gunzTarPerm extractEntry lib/api/handlecss.js
200 silly gunzTarPerm modified mode [ 'lib/api/handlecss.js', 438, 420 ]
201 silly gunzTarPerm extractEntry lib/api/handlecssimport.js
202 silly gunzTarPerm modified mode [ 'lib/api/handlecssimport.js', 438, 420 ]
203 silly gunzTarPerm extractEntry lib/api/handlecssrule.js
204 silly gunzTarPerm modified mode [ 'lib/api/handlecssrule.js', 438, 420 ]
205 silly gunzTarPerm extractEntry lib/api/import.js
206 silly gunzTarPerm modified mode [ 'lib/api/import.js', 438, 420 ]
207 silly gunzTarPerm extractEntry lib/api/plugin.js
208 silly gunzTarPerm modified mode [ 'lib/api/plugin.js', 438, 420 ]
209 silly gunzTarPerm extractEntry lib/api/raw.js
210 silly gunzTarPerm modified mode [ 'lib/api/raw.js', 438, 420 ]
211 silly gunzTarPerm extractEntry lib/api/storage.js
212 silly gunzTarPerm modified mode [ 'lib/api/storage.js', 438, 420 ]
213 silly gunzTarPerm extractEntry lib/helpers/PathFormatter.js
214 silly gunzTarPerm modified mode [ 'lib/helpers/PathFormatter.js', 438, 420 ]
215 silly gunzTarPerm extractEntry lib/helpers/RequireUncached.js
216 silly gunzTarPerm modified mode [ 'lib/helpers/RequireUncached.js', 438, 420 ]
217 silly gunzTarPerm extractEntry lib/plugins/charset.js
218 silly gunzTarPerm modified mode [ 'lib/plugins/charset.js', 438, 420 ]
219 silly gunzTarPerm extractEntry lib/plugins/document.js
220 silly gunzTarPerm modified mode [ 'lib/plugins/document.js', 438, 420 ]
221 silly gunzTarPerm extractEntry tests/adding-raw-data.spec.js
222 silly gunzTarPerm modified mode [ 'tests/adding-raw-data.spec.js', 438, 420 ]
223 silly gunzTarPerm extractEntry tests/variables-and-functions.spec.js
224 silly gunzTarPerm modified mode [ 'tests/variables-and-functions.spec.js', 438, 420 ]
225 silly gunzTarPerm extractEntry tests/colors.spec.js
226 silly gunzTarPerm modified mode [ 'tests/colors.spec.js', 438, 420 ]
227 silly gunzTarPerm extractEntry tests/compile-and-save.spec.js
228 silly gunzTarPerm modified mode [ 'tests/compile-and-save.spec.js', 438, 420 ]
229 silly gunzTarPerm extractEntry tests/using-json.spec.js
230 silly gunzTarPerm modified mode [ 'tests/using-json.spec.js', 438, 420 ]
231 silly gunzTarPerm extractEntry tests/basics-and-compilation.spec.js
232 silly gunzTarPerm modified mode [ 'tests/basics-and-compilation.spec.js', 438, 420 ]
233 silly gunzTarPerm extractEntry tests/api.add.spec.js
234 silly gunzTarPerm modified mode [ 'tests/api.add.spec.js', 438, 420 ]
235 silly gunzTarPerm extractEntry tests/minify.spec.js
236 silly gunzTarPerm modified mode [ 'tests/minify.spec.js', 438, 420 ]
237 silly gunzTarPerm extractEntry tests/mixins.spec.js
238 silly gunzTarPerm modified mode [ 'tests/mixins.spec.js', 438, 420 ]
239 silly gunzTarPerm extractEntry tests/nesting.spec.js
240 silly gunzTarPerm modified mode [ 'tests/nesting.spec.js', 438, 420 ]
241 silly gunzTarPerm extractEntry tests/optimize..spec.js
242 silly gunzTarPerm modified mode [ 'tests/optimize..spec.js', 438, 420 ]
243 silly gunzTarPerm extractEntry tests/avoid.quoting.spec.js
244 silly gunzTarPerm modified mode [ 'tests/avoid.quoting.spec.js', 438, 420 ]
245 silly gunzTarPerm extractEntry tests/pseudo-classes.spec.js
246 silly gunzTarPerm modified mode [ 'tests/pseudo-classes.spec.js', 438, 420 ]
247 silly gunzTarPerm extractEntry tests/api.import.spec.js
248 silly gunzTarPerm modified mode [ 'tests/api.import.spec.js', 438, 420 ]
249 silly gunzTarPerm extractEntry tests/using-css.spec.js
250 silly gunzTarPerm modified mode [ 'tests/using-css.spec.js', 438, 420 ]
251 silly gunzTarPerm extractEntry tests/extending.spec.js
252 silly gunzTarPerm modified mode [ 'tests/extending.spec.js', 438, 420 ]
253 silly gunzTarPerm extractEntry tests/mediaqueries.spec.js
254 silly gunzTarPerm modified mode [ 'tests/mediaqueries.spec.js', 438, 420 ]
255 silly gunzTarPerm extractEntry tests/data/css/combining.js
256 silly gunzTarPerm modified mode [ 'tests/data/css/combining.js', 438, 420 ]
257 silly gunzTarPerm extractEntry tests/data/css/header.js
258 silly gunzTarPerm modified mode [ 'tests/data/css/header.js', 438, 420 ]
259 silly gunzTarPerm extractEntry tests/data/css/index.js
260 silly gunzTarPerm modified mode [ 'tests/data/css/index.js', 438, 420 ]
261 silly gunzTarPerm extractEntry tests/data/css/nested.js
262 silly gunzTarPerm modified mode [ 'tests/data/css/nested.js', 438, 420 ]
263 silly gunzTarPerm extractEntry tests/data/css/storage.js
264 silly gunzTarPerm modified mode [ 'tests/data/css/storage.js', 438, 420 ]
265 silly gunzTarPerm extractEntry tests/data/css/config/colors.js
266 silly gunzTarPerm modified mode [ 'tests/data/css/config/colors.js', 438, 420 ]
267 silly gunzTarPerm extractEntry tests/data/css/config/sizes.js
268 silly gunzTarPerm modified mode [ 'tests/data/css/config/sizes.js', 438, 420 ]
269 silly gunzTarPerm extractEntry tests/data/css/utils/main.js
270 silly gunzTarPerm modified mode [ 'tests/data/css/utils/main.js', 438, 420 ]
271 silly gunzTarPerm extractEntry tests/data/main.css
272 silly gunzTarPerm modified mode [ 'tests/data/main.css', 438, 420 ]
273 silly gunzTarPerm extractEntry tests/data/result/res.css
274 silly gunzTarPerm modified mode [ 'tests/data/result/res.css', 438, 420 ]
275 silly gunzTarPerm extractEntry tests/data/result/styles.css
276 silly gunzTarPerm modified mode [ 'tests/data/result/styles.css', 438, 420 ]
277 silly gunzTarPerm extractEntry tests/data/styles.css
278 silly gunzTarPerm modified mode [ 'tests/data/styles.css', 438, 420 ]
279 silly gunzTarPerm extractEntry tests/data/styles.json
280 silly gunzTarPerm modified mode [ 'tests/data/styles.json', 438, 420 ]
281 silly gunzTarPerm extractEntry tests/data/styles.plugin.css
282 silly gunzTarPerm modified mode [ 'tests/data/styles.plugin.css', 438, 420 ]
283 silly gunzTarPerm extractEntry tests/cases/charset/code.js
284 silly gunzTarPerm modified mode [ 'tests/cases/charset/code.js', 438, 420 ]
285 silly gunzTarPerm extractEntry tests/cases/charset/test.spec.js
286 silly gunzTarPerm modified mode [ 'tests/cases/charset/test.spec.js', 438, 420 ]
287 silly gunzTarPerm extractEntry tests/cases/charset/code.css
288 silly gunzTarPerm modified mode [ 'tests/cases/charset/code.css', 438, 420 ]
289 silly gunzTarPerm extractEntry tests/cases/charset/code.json
290 silly gunzTarPerm modified mode [ 'tests/cases/charset/code.json', 438, 420 ]
291 silly gunzTarPerm extractEntry tests/cases/colon-space/test.spec.js
292 silly gunzTarPerm modified mode [ 'tests/cases/colon-space/test.spec.js', 438, 420 ]
293 silly gunzTarPerm extractEntry tests/cases/colon-space/code.css
294 silly gunzTarPerm modified mode [ 'tests/cases/colon-space/code.css', 438, 420 ]
295 silly gunzTarPerm extractEntry tests/cases/comments/test.spec.js
296 silly gunzTarPerm modified mode [ 'tests/cases/comments/test.spec.js', 438, 420 ]
297 silly gunzTarPerm extractEntry tests/cases/comments/code.css
298 silly gunzTarPerm modified mode [ 'tests/cases/comments/code.css', 438, 420 ]
299 silly gunzTarPerm extractEntry tests/cases/document/test.spec.js
300 silly gunzTarPerm modified mode [ 'tests/cases/document/test.spec.js', 438, 420 ]
301 silly gunzTarPerm extractEntry tests/cases/document/code.css
302 silly gunzTarPerm modified mode [ 'tests/cases/document/code.css', 438, 420 ]
303 silly gunzTarPerm extractEntry tests/watching
304 silly gunzTarPerm modified mode [ 'tests/watching', 438, 420 ]
305 silly lockFile ef57516b--npm-cache-absurd-0-0-27-package tar://C:\Users\krasimir\AppData\Roaming\npm-cache\absurd\0.0.27\package
306 silly lockFile ef57516b--npm-cache-absurd-0-0-27-package tar://C:\Users\krasimir\AppData\Roaming\npm-cache\absurd\0.0.27\package
307 silly lockFile 0fd5f151--cache-absurd-0-0-27-package-tgz tar://C:\Users\krasimir\AppData\Roaming\npm-cache\absurd\0.0.27\package.tgz
308 silly lockFile 0fd5f151--cache-absurd-0-0-27-package-tgz tar://C:\Users\krasimir\AppData\Roaming\npm-cache\absurd\0.0.27\package.tgz
309 verbose chmod C:\Users\krasimir\AppData\Roaming\npm-cache\absurd\0.0.27\package.tgz 644
310 silly chown skipping for windows C:\Users\krasimir\AppData\Roaming\npm-cache\absurd\0.0.27\package.tgz
311 silly lockFile 3a52ce78- .
312 silly lockFile 3a52ce78- .
313 silly publish { name: 'absurd',
313 silly publish   version: '0.0.27',
313 silly publish   homepage: 'https://github.com/krasimir/absurd',
313 silly publish   description: 'CSS preprocessor',
313 silly publish   main: 'index.js',
313 silly publish   author:
313 silly publish    { name: 'Krasimir Tsonev',
313 silly publish      email: 'info@krasimirtsonev.com',
313 silly publish      url: 'http://krasimirtsonev.com' },
313 silly publish   license: 'MIT',
313 silly publish   dependencies:
313 silly publish    { optimist: '0.6.0',
313 silly publish      colors: '0.6.2',
313 silly publish      gaze: '0.4.1',
313 silly publish      glob: '3.2.6',
313 silly publish      underscore: '1.5.1',
313 silly publish      'css-parse': '1.5.3',
313 silly publish      'clean-css': '1.1.3' },
313 silly publish   keywords: [ 'css', 'preprocessor' ],
313 silly publish   repository: { type: 'git', url: 'https://github.com/krasimir/absurd.git' },
313 silly publish   bin: { absurd: './index.js' },
313 silly publish   readme: '# absurd.js\r\n\r\n### Writing your CSS in JavaScript. That\'s it!\r\n\r\nFor AbsurdJS, the following code is valid CSS:\r\n\r\n\t".navigation": {\r\n\t\tmargin: "12px 0 0 0 ",\r\n\t\ttype: "horizontal",\r\n\t\ta: {\r\n\t\t\telementstyle: "button",\r\n\t\t\tresponsive: "true"\r\n\t\t}\r\n\t}\r\n\r\n*type*, *elementstyle* and *responsive* are just [plugins](https://github.com/krasimir/absurd#plugins) which return pure CSS.\r\n\r\n======\r\n\r\n  - [Installation](#installation)\r\n  - [Usage](#usage)\r\n  - [Syntax](#syntax)\r\n  - [API](#api)\r\n  - [Testing](#testing)\r\n  - Resources\r\n  \t- In-depth article about AbsurdJS - [link](http://davidwalsh.name/write-css-javascript)\r\n\r\n======\r\n\r\n## Installation\r\n\r\n\tnpm install -g absurd\r\n\r\n## Usage\r\n\r\nAbsurd is really simple. It just gets instructions and base on them produces css. So, it\'s just a matter of personal choice where to use it. You may want to integrate the module directly into your application. If that\'s not ok for you then you are able to compile the css by using the command line.\r\n\r\n### Compilation\r\n\r\n\t.compile([callback], [settings])\r\n\t.compileFile([outputFile], [callback], [settings])\r\n\r\n*settings* parameter is optional. Valid options:\r\n\r\n\t{\r\n\t\tcombineSelectors: true | false (by default true),\r\n\t\tminify: true | false (by default false)\r\n\t}\r\n\r\n#### Inline\r\n\r\n\tvar Absurd = require("absurd");\r\n\tAbsurd(function(api) {\r\n\t\t// use the Absurd\'s api here\r\n\t}).compile(function(err, css) {\r\n\t\t// do something with the css\r\n\t});\r\n\r\nOr you may get the API separately.\r\n\r\n\tvar Absurd = require("absurd");\r\n\tvar absurd = Absurd();\r\n\tvar api = absurd.api;\r\n\tapi.add({ ... }).import("...");\r\n\tabsurd.compile(function(err, css) {\r\n\t\t// do something with the css\r\n\t});\r\n\r\n#### To file\r\n\r\n\tvar output = "./css/styles.css";\r\n\tAbsurd("./css/styles.js").compileFile(output, function(err, css) {\r\n\t\t// ...\r\n\t});\r\n\r\n### Puting the styles in an external file\r\n\r\n#### .js\r\n\r\nJust create a *.js* file like for example */css/styles.js*. The file should contain the usual nodejs module code.\r\n\r\n\tmodule.exports = function(api) {\r\n\t\t// use the Absurd\'s api here\r\n\t}\r\n\r\nAfter that, in your nodejs application */app.js*\r\n\r\n\tAbsurd("./css/styles.js").compile(function(err, css) {\r\n\t\t// ...\r\n\t});\r\n\r\n#### .json\r\n\r\nThe library supports importing of pure JSON. Of course this approach doesn\'t give you an access to the API, but it is still useful if you want to skip the typical Nodejs module definition. For example:\r\n\r\n\t// styles.json\r\n\t{\r\n\t\t"body": {\r\n\t\t\t"margin": "0",\r\n\t\t\t"padding": "0",\r\n\t\t\t"fontSize": "1em",\r\n\t\t\t"p": {\r\n\t\t\t\t"line-height": "30px"\r\n\t\t\t}\r\n\t\t}\r\n\t}\r\n\r\n\t// app.js\r\n\tAbsurd("styles.json").compile(function(err, css) {\r\n\t\t// ...\r\n\t});\r\n\r\n#### .css\r\n\r\nAbsurd accepts normal CSS. The good news is that you can still use all the other features. For example:\r\n\r\n\t// styles.js\r\n\tapi.plugin("size", function(api, type) {\r\n\t\tswitch(type) {\r\n\t\t\tcase "large": return { fontSize: "30px" }; break;\r\n\t\t\tcase "medium": return { fontSize: "24px" }; break;\r\n\t\t\tcase "small": return { fontSize: "12px" }; break;\r\n\t\t\tdefault: return { fontSize: "16px" };\r\n\t\t}\r\n\t});\r\n\tapi.import(__dirname + "/css/main.css");\r\n\r\n\t// main.css\r\n\tbody {\r\n\t\tmargin-top: 10px;\r\n\t\tsize: small;\r\n\t}\r\n\r\nAnd the result is:\r\n\r\n\tbody {\r\n\t\tmargin-top: 10px;\r\n\t\tfont-size: 12px;\r\n\t}\r\n\r\n### Using through command line interface\r\n\r\n\t// Outputs the css in the console.\r\n\tabsurd -s [source file] \r\n\r\n\t// Outputs the css to a file.\r\n\tabsurd -s [source file] -o [output file]\r\n\r\n\t// Outputs the css to a file and watching specific directory.\r\n\t// If some of the files there is changed a compilation is fired.\r\n\tabsurd -s [source file] -o [output file] -w [directory]\r\n\r\n\t// Minify the CSS\r\n\tabsurd -s [source file] -m true\r\n\r\n### Using with Grunt\r\n\r\nDependencies for your *package.json*:\r\n\r\n\t"dependencies": {\r\n\t\t"grunt": "~0.4.1",\r\n\t\t"grunt-contrib-watch": "*",\r\n\t\t"grunt-absurd": "*"\r\n\t}\r\n\r\nSimple *Gruntfile.js*:\r\n\r\n\tmodule.exports = function(grunt) {\r\n\r\n\t\tgrunt.initConfig({\r\n\t\t\tabsurd: {\r\n\t\t\t\ttask: {\r\n\t\t\t\t\tsrc: __dirname + "/css/absurd/index.js",\r\n\t\t\t\t\tdest: \'css/styles.css\'\r\n\t\t\t\t}\r\n\t\t\t},\r\n\t\t\twatch: {\r\n\t\t\t\tcss: {\r\n\t\t\t\t\tfiles: [\'css/absurd/**/*.js\'],\r\n\t\t\t\t\ttasks: [\'absurd\']\r\n\t\t\t\t}\r\n\t\t\t}\r\n\t\t});\r\n\r\n\t\tgrunt.loadNpmTasks(\'grunt-contrib-watch\');\r\n\t\tgrunt.loadNpmTasks(\'grunt-absurd\');\r\n\r\n\t\t// grunt.registerTask(\'default\', [\'concat\', \'less\']);\r\n\t\tgrunt.registerTask(\'default\', [\'absurd\', \'watch\']);\r\n\r\n\t}\r\n\r\n## Syntax\r\n\r\nIn the context of JavaScript the closest thing to pure CSS syntax is JSON format. So, every valid JSON is actually valid Absurd syntax. As you can see above, there are two ways to send styles to the module. In both cases you have an access to the Absurd\'s API. For example:\r\n\r\n\tAbsurd(function(api) {\r\n\t\tapi.add({});\r\n\t});\r\n\r\nor in an external js file\r\n\r\n\tmodule.exports = function(api) {\r\n\t\tapi.add({});\r\n\t}\r\n\r\nThe *add* method accepts valid JSON. This could be something like\r\n\r\n\t{\r\n\t\tbody: {\r\n\t\t\tmarginTop: \'20px\',\r\n\t\t\tpadding: 0,\r\n\t\t\tfontWeight: \'bold\',\r\n\t\t\tsection: {\r\n\t\t\t\tpaddingTop: \'20px\'\r\n\t\t\t}\r\n\t\t}\r\n\t}\r\n\r\nEvery object defines a selector. Every property of that object could be a property and its value or another object. For example the JSON above is compiled to:\r\n\r\n\tbody {\r\n\t\tmargin-top: 20px;\r\n\t\tpadding: 0;\r\n\t\tfont-weight: bold;\r\n\t}\r\n\tbody section {\r\n\t\tpadding-top: 20px;\r\n\t}\r\n\r\nHave in mind that you don\'t need to quote the CSS properties. AbsurdJS converts every uppercase letter to a dash followed by the lowercase version of the letter. I.e.:\r\n\r\n\tWebkitTransform -> -webkit-transform\r\n\r\nYou may send even an array of style like that\r\n\r\n\t{\r\n\t\t\'.header nav\': [\r\n\t\t\t{ fontSize: \'10px\' },\r\n\t\t\t{ fontSize: \'20px\' }\r\n\t\t]\r\n\t}\r\n\r\nAnd that\'s compiled to\r\n\r\n\t.header nav {\r\n\t\tfont-size: 20px;\r\n\t}\r\n\r\n\r\n### Pseudo classes\r\n\r\nIt\'s similar like the example above:\r\n\r\n\ta: {\r\n\t\ttextDecoration: \'none\',\r\n\t\tcolor: \'#000\',\r\n\t\t\':hover\': {\r\n\t\t\ttextDecoration: \'underline\',\r\n\t\t\tcolor: \'#999\'\r\n\t\t},\r\n\t\t\':before\': {\r\n\t\t\tcontent: \'"> "\'\r\n\t\t}\r\n\t}\r\n\r\nIs compiled to:\r\n\r\n\ta {\r\n\t\ttext-decoration: none;\r\n\t\tcolor: #000;\r\n\t}\r\n\ta:hover {\r\n\t\ttext-decoration: underline;\r\n\t\tcolor: #999;\r\n\t}\r\n\ta:before {\r\n\t\tcontent: "> ";\r\n\t}\r\n\r\n### Importing\r\n\r\nOf course you can\'t put everything in a single file. That\'s why there is *.import* method:\r\n\r\n\t/css/index.js\r\n\r\n\tmodule.exports = function(api) {\r\n\t\tapi.import(__dirname + \'/config/colors.js\');\r\n\t\tapi.import(__dirname + \'/config/sizes.js\');\r\n\t\tapi.import([\r\n\t\t\t__dirname + \'/layout/grid.json\'\r\n\t\t]);\r\n\t\tapi.import([\r\n\t\t\t__dirname + \'/forms/login-form.css\',\r\n\t\t\t__dirname + \'/forms/feedback-form.css\'\r\n\t\t]);\r\n\t}\r\n\r\nPay attention to the type of the files. The first two are actually JavaScript files, because they need an access to the API (to define mixins, plugins etc ...). The second *import* statement adds the actual styling. Of course it is not necessary to use this approach, but writing pure JSON sometimes may be a better option.\r\n\r\n### Using variables\r\n\r\nThere is no need to use something special. Because that\'s pure javascript you may write:\r\n\r\n\tvar brandColor = "#00F";\r\n\tAbsurd(function(api) {\r\n\t\tapi.add({\r\n\t\t\t\'.header nav\': {\r\n\t\t\t\tcolor: brandColor\r\n\t\t\t}\r\n\t\t})\r\n\t})\r\n\r\nHowever, if you want to share variables between the files you may use the API\'s method *storage*. Let\'s say that you have two files */css/A.js* and */css/B.js* and you want to share values between them.\r\n\r\n\t// A.js\r\n\tmodule.exports = function(api) {\r\n\t\tapi.storage("brandColor", "#00F");\r\n\t}\r\n\r\n\t// B.js\r\n\tmodule.exports = function(api) {\r\n\t\tapi.add({\r\n\t\t\tbody: {\r\n\t\t\t\tcolor: api.storage("brandColor")\r\n\t\t\t}\r\n\t\t})\r\n\t}\r\n\r\n### Mixins\r\n\r\nIn the context of Absurd mixins are actually normal javascript functions. The ability to put things inside the Absurd\'s storage gives you also the power to share mixins between the files. For example:\r\n\r\n\t// A.js\r\n\tmodule.exports = function(api) {\r\n\t\tapi.storage("button", function(color, thickness) {\r\n\t\t\treturn {\r\n\t\t\t\tcolor: color,\r\n\t\t\t\tdisplay: "inline-block",\r\n\t\t\t\tpadding: "10px 20px",\r\n\t\t\t\tborder: "solid " + thickness + "px " + color,\r\n\t\t\t\tfontSize: "10px"\r\n\t\t\t}\r\n\t\t});\r\n\t}\r\n\r\n\t// B.js\r\n\tmodule.exports = function(api) {\r\n\t\tapi.add({\r\n\t\t\t\'.header-button\': [\r\n\t\t\t\tapi.storage("button")("#AAA", 10),\r\n\t\t\t\t{\r\n\t\t\t\t\tcolor: \'#F00\',\r\n\t\t\t\t\tfontSize: \'13px\'\r\n\t\t\t\t}\r\n\t\t\t]\r\n\t\t});\r\n\t}\r\n\r\nWhat you do is to send array of two objects to the selector \'.header-button\'. The above code is compiled to:\r\n\r\n\t.header-button {\r\n\t\tcolor: #F00;\r\n\t\tdisplay: inline-block;\r\n\t\tpadding: 10px 20px;\r\n\t\tborder: solid 10px #AAA;\r\n\t\tfont-size: 13px;\r\n\t}\r\n\r\nNotice that the second object overwrites few styles passed via the mixin.\r\n\r\n### Plugins (i.e. define your own CSS properties)\r\n\r\nThe plugins are similar like mixins, but act as property-value pair. There is an API method for registering plugins. For example:\r\n\r\n\tapi.plugin(\'my-custom-gradient\', function(api, colors) {\r\n\t\treturn {\r\n\t\t\tbackground: \'linear-gradient(to bottom, \' + colors.join(", ") + \')\'\r\n\t\t};\r\n\t});\r\n\tapi.plugin(\'brand-font-size\', function(api, type) {\r\n\t\tswitch(type) {\r\n\t\t\tcase "small": return { fontSize: \'12px\'}; break;\r\n\t\t\tcase "medium": return { fontSize: \'22px\'}; break;\r\n\t\t\tcase "big": return { fontSize: \'32px\'}; break;\r\n\t\t\tdefault: return { fontSize: \'12px\'}; break;\r\n\t\t}\r\n\t});\r\n\r\nThe code creates two plugins, which respond on *my-custom-gradient* and *brand-font-size* property. So, the following styles\r\n\r\n\tapi.add({\r\n\t\tbody: {\r\n\t\t\tmargin: \'20px\',\r\n\t\t\tfontSize: \'14px\',\r\n\t\t\t\'my-custom-gradient\': [\'#F00\', \'#00F\'],\r\n\t\t\tp: {\r\n\t\t\t\t\'brand-font-size\': \'big\'\t\r\n\t\t\t}\t\t\t\t\t\r\n\t\t}\r\n\t});\r\n\r\nAre compiled to:\r\n\r\n\tbody {\r\n\t\tmargin: 20px;\r\n\t\tfont-size: 14px;\r\n\t\tbackground: linear-gradient(to bottom, #F00, #00F);\r\n\t}\r\n\tbody p {\r\n\t\tfont-size: 32px;\r\n\t}\r\n\r\nHave in mind, that the plugin should always return an object.\r\n\r\n### Media queries\r\n\r\nThe following code\r\n\r\n\tapi.add({\r\n\t\tbody: {\r\n\t\t\tlineHeight: \'20px\',\r\n\t\t\t\'@media all (max-width: 950px)\': {\r\n\t\t\t\tlineHeight: \'40px\',\r\n\t\t\t\tcolor: \'#BADA55\'\r\n\t\t\t},\r\n\t\t\t\'@media all (min-width: 550px)\': {\r\n\t\t\t\tlineHeight: \'32px\'\t\r\n\t\t\t},\r\n\t\t\tp: {\r\n\t\t\t\tmargin: \'10px\',\r\n\t\t\t\tpadding: \'4px\',\r\n\t\t\t\t\'@media all (max-width: 950px)\': {\r\n\t\t\t\t\tpadding: \'12px\',\r\n\t\t\t\t\t\'brand-color\': \'\'\r\n\t\t\t\t}\r\n\t\t\t}\r\n\t\t}\r\n\t});\r\n\r\nis compiled to\r\n\r\n\tbody {\r\n\t\tline-height: 20px;\r\n\t}\r\n\tbody p {\r\n\t\tmargin: 10px;\r\n\t\tpadding: 4px;\r\n\t}\r\n\t@media all (max-width: 950px) {\r\n\t\tbody {\r\n\t\t\tline-height: 40px;\r\n\t\t\tcolor: #BADA55;\r\n\t\t}\r\n\t\tbody p {\r\n\t\t\tcolor: #9fA;\r\n\t\t\tpadding: 12px;\r\n\t\t}\r\n\t}\r\n\t@media all (min-width: 550px) {\r\n\t\tbody {\r\n\t\t\tline-height: 32px;\r\n\t\t}\r\n\t}\r\n\r\n### Sending raw data to the final compiled CSS\r\n\r\nAbsurdJS gives you ability to directly send content to the final CSS. I.e. something which is skipped by the compiler and it is directly concatenated with the processed data.\r\n\r\n\tapi\r\n\t.add({\r\n\t\tbody: {\r\n\t\t\tmarginTop: "20px",\r\n\t\t\tp: {\r\n\t\t\t\tfontSize: "5px"\r\n\t\t\t}\r\n\t\t}\r\n\t})\r\n\t.raw(\'/* \' + comment + \' */\')\r\n\t.add({\r\n\t\ta: {\r\n\t\t\tpaddingTop: "20px"\r\n\t\t}\r\n\t});\r\n\r\nThe code above is compiled to\r\n\r\n\tbody {\r\n\t  margin-top: 20px;\r\n\t}\r\n\tbody p {\r\n\t  font-size: 5px;\r\n\t}\r\n\t/* AbsurdJS is awesome! */\r\n\ta {\r\n\t  padding-top: 20px;\r\n\t}\r\n\r\n## API\r\n\r\n### .add([object])\r\n\r\n\tmodule.exports = function(api) {\r\n\t    api.add({\r\n\t    \tbody: { \r\n\t    \t\tpadding: 0 \r\n\t    \t}\r\n\t\t});\r\n\t}\r\n\r\n### .import([string] | [[string, string, ...]])\r\n\r\n\tmodule.exports = function(A) {\r\n\t\tA.import(__dirname + \'/config/sizes.js\');\r\n\t\tA.import([\r\n\t\t\t__dirname + \'/config/colors.js\',\r\n\t\t\t__dirname + \'/config/sizes.js\'\r\n\t\t]);\r\n\t}\r\n\r\nAbsurdJS supports importing of JavaScript, JSON and CSS files.\r\n\r\n### .storage([key], [value])\r\n\r\nSetting value:\r\n\r\n\tmodule.exports = function(api) {\r\n\t    api.storage("mixin", function(px) { \r\n\t    \treturn {\r\n\t    \t\tfontSize: px + \'px\'\r\n\t    \t}\r\n\t    });\r\n\t}\r\n\r\nGetting value:\r\n\r\n\tmodule.exports = function(api) {\r\n\t\tapi.add({\r\n\t\t\tbody: [\r\n\t\t\t\tapi.storage("mixin")(18)\r\n\t\t\t]\r\n\t\t});\r\n\t}\t\r\n\r\n### .plugin([name of property], [function])\r\n\r\n\tapi.plugin(\'my-custom-gradient\', function(api, colors) {\r\n\t\treturn {\r\n\t\t\tbackground: \'linear-gradient(to bottom, \' + colors.join(", ") + \')\'\r\n\t\t};\r\n\t});\r\n\r\nThe function of the plugin accepts two arguments. The first one is a reference to the API and second one is the value of the CSS property.\r\n\r\n### .darken([color], [percents])\r\n\r\n\tmodule.exports = function(api) {\r\n\t\tapi.add({\r\n\t\t\tbody: {\r\n\t\t\t\tcolor: api.darken(\'#BADA55\', 25) // darken 25%\r\n\t\t\t}\r\n\t\t});\r\n\t}\r\n\r\n### .lighten([color], [percents])\r\n\r\n\tmodule.exports = function(api) {\r\n\t\tapi.add({\r\n\t\t\tbody: {\r\n\t\t\t\tcolor: api.lighten(\'#BADA55\', 25) // lighten 25%\r\n\t\t\t}\r\n\t\t});\r\n\t}\r\n\r\n### .raw([string])\r\n\r\n\tmodule.exports = function(api) {\r\n\t\tapi.raw(\'/* comment here */\');\r\n\t}\r\n\r\n## Testing\r\n\r\nThe tests are placed in */tests* directory. Install [jasmine-node](https://github.com/mhevery/jasmine-node) and run\r\n\r\n\tjasmine ./tests',
313 silly publish   readmeFilename: 'README.md',
313 silly publish   bugs: { url: 'https://github.com/krasimir/absurd/issues' },
313 silly publish   _id: 'absurd@0.0.27',
313 silly publish   dist: { shasum: '05f44cb2282e6a37e4ba8de8a05a9f66ea4d6422' },
313 silly publish   _from: '.' }
314 verbose url raw absurd
315 verbose url resolving [ 'https://registry.npmjs.org/', './absurd' ]
316 verbose url resolved https://registry.npmjs.org/absurd
317 info trying registry request attempt 1 at 22:55:30
318 http PUT https://registry.npmjs.org/absurd
319 http 409 https://registry.npmjs.org/absurd
320 verbose url raw absurd
321 verbose url resolving [ 'https://registry.npmjs.org/', './absurd' ]
322 verbose url resolved https://registry.npmjs.org/absurd
323 info trying registry request attempt 1 at 22:55:33
324 http GET https://registry.npmjs.org/absurd
325 http 200 https://registry.npmjs.org/absurd
326 error publish fail Cannot publish over existing version.
326 error publish fail Update the 'version' field in package.json and try again.
326 error publish fail
326 error publish fail If the previous version was published in error, see:
326 error publish fail     npm help unpublish
326 error publish fail
326 error publish fail To automatically increment version numbers, see:
326 error publish fail     npm help version
327 error System Windows_NT 6.1.7600
328 error command "C:\\Program Files (x86)\\nodejs\\\\node.exe" "C:\\Program Files (x86)\\nodejs\\node_modules\\npm\\bin\\npm-cli.js" "publish"
329 error cwd D:\work\KrasimirTsonev\github\absurd
330 error node -v v0.10.16
331 error npm -v 1.3.8
332 error code EPUBLISHCONFLICT
333 verbose exit [ 1, true ]
